<?xml version="1.0" encoding="UTF-8"?>
<!-- Generated by org.testng.reporters.JUnitReportReporter -->
<testsuite hostname="DESKTOP-SSHCSEN" failures="0" tests="1" name="tasks.ssc" time="8.878" errors="0" timestamp="2024-07-09T18:12:03 IST" skipped="0">
  <testcase classname="tasks.ssc" name="f" time="8.878"/>
  <system-out/>
</testsuite> <!-- tasks.ssc -->
