<?xml version="1.0" encoding="UTF-8"?>
<!-- Generated by org.testng.reporters.JUnitReportReporter -->
<testsuite hostname="DESKTOP-SSHCSEN" failures="0" tests="1" name="testNGMethods.DropDown" time="9.233" errors="0" timestamp="2024-06-25T09:48:58 IST" skipped="0">
  <testcase classname="testNGMethods.DropDown" name="dropDown" time="9.233"/>
  <system-out/>
</testsuite> <!-- testNGMethods.DropDown -->
