<?xml version="1.0" encoding="UTF-8"?>
<!-- Generated by org.testng.reporters.JUnitReportReporter -->
<testsuite hostname="DESKTOP-SSHCSEN" failures="0" tests="1" name="testNG.TestNG_Testcases_From_XML_File" time="8.425" errors="0" timestamp="2024-06-22T14:45:22 IST" skipped="0">
  <testcase classname="testNG.TestNG_Testcases_From_XML_File" name="twitter" time="8.425"/>
  <system-out/>
</testsuite> <!-- testNG.TestNG_Testcases_From_XML_File -->
