<?xml version="1.0" encoding="UTF-8"?>
<!-- Generated by org.testng.reporters.JUnitReportReporter -->
<testsuite hostname="DESKTOP-SSHCSEN" failures="0" tests="1" name="tasks.FacebookLogin" time="11.012" errors="0" timestamp="2024-07-02T19:54:19 IST" skipped="0">
  <testcase classname="tasks.FacebookLogin" name="facebook" time="11.012"/>
  <system-out/>
</testsuite> <!-- tasks.FacebookLogin -->
