<?xml version="1.0" encoding="UTF-8"?>
<!-- Generated by org.testng.reporters.JUnitReportReporter -->
<testsuite hostname="DESKTOP-SSHCSEN" failures="0" tests="1" name="testNGMethods.UploadFile" time="6.898" errors="0" timestamp="2024-06-25T20:10:01 IST" skipped="0">
  <testcase classname="testNGMethods.UploadFile" name="uploadFile" time="6.898"/>
  <system-out/>
</testsuite> <!-- testNGMethods.UploadFile -->
