<?xml version="1.0" encoding="UTF-8"?>
<!-- Generated by org.testng.reporters.JUnitReportReporter -->
<testsuite hostname="DESKTOP-SSHCSEN" failures="0" tests="1" name="screenshot.BugScreenshot" time="3.389" errors="0" timestamp="2024-07-10T13:08:36 IST" skipped="0">
  <testcase classname="screenshot.BugScreenshot" name="googlesearch" time="3.389"/>
  <system-out/>
</testsuite> <!-- screenshot.BugScreenshot -->
