<?xml version="1.0" encoding="UTF-8"?>
<!-- Generated by org.testng.reporters.JUnitReportReporter -->
<testsuite hostname="DESKTOP-SSHCSEN" failures="0" tests="4" name="testNG.TestNG_TimeOutFeature" time="34.929" errors="0" timestamp="2024-06-22T10:58:28 IST" skipped="0">
  <testcase classname="testNG.TestNG_TimeOutFeature" name="invocationCount" time="1.217"/>
  <system-out/>
  <testcase classname="testNG.TestNG_TimeOutFeature" name="invocationCount" time="21.603"/>
  <system-out/>
  <testcase classname="testNG.TestNG_TimeOutFeature" name="invocationCount" time="2.074"/>
  <system-out/>
  <testcase classname="testNG.TestNG_TimeOutFeature" name="timeOutFeature" time="10.035"/>
  <system-out/>
</testsuite> <!-- testNG.TestNG_TimeOutFeature -->
