<?xml version="1.0" encoding="UTF-8"?>
<!-- Generated by org.testng.reporters.JUnitReportReporter -->
<testsuite hostname="DESKTOP-SSHCSEN" failures="0" tests="2" name="testNG.TestNG_Description" time="31.302" errors="0" timestamp="2024-06-20T23:04:10 IST" skipped="0">
  <testcase classname="testNG.TestNG_Description" name="menus" time="25.566"/>
  <system-out/>
  <testcase classname="testNG.TestNG_Description" name="login" time="5.736"/>
  <system-out/>
</testsuite> <!-- testNG.TestNG_Description -->
