<?xml version="1.0" encoding="UTF-8"?>
<!-- Generated by org.testng.reporters.JUnitReportReporter -->
<testsuite hostname="DESKTOP-SSHCSEN" failures="0" tests="1" name="screenshot.WebelementScreenshot" time="3.696" errors="0" timestamp="2024-07-10T12:19:48 IST" skipped="0">
  <testcase classname="screenshot.WebelementScreenshot" name="webelement" time="3.696"/>
  <system-out/>
</testsuite> <!-- screenshot.WebelementScreenshot -->
