<?xml version="1.0" encoding="UTF-8"?>
<!-- Generated by org.testng.reporters.JUnitReportReporter -->
<testsuite hostname="DESKTOP-SSHCSEN" failures="0" tests="2" name="testNGMethods.PagescrollDownandUP" time="10.935" errors="0" timestamp="2024-06-26T08:13:39 IST" skipped="0">
  <testcase classname="testNGMethods.PagescrollDownandUP" name="pageScrollUP" time="3.852"/>
  <system-out/>
  <testcase classname="testNGMethods.PagescrollDownandUP" name="pageScrollDown" time="7.083"/>
  <system-out/>
</testsuite> <!-- testNGMethods.PagescrollDownandUP -->
