<?xml version="1.0" encoding="UTF-8"?>
<!-- Generated by org.testng.reporters.JUnitReportReporter -->
<testsuite hostname="DESKTOP-SSHCSEN" failures="0" tests="4" name="testNG.TestNG_Skip_Ignore_Disabled" time="1.228" errors="0" timestamp="2024-06-19T22:21:41 IST" skipped="3">
  <testcase classname="testNG.TestNG_Skip_Ignore_Disabled" name="facebook" time="1.228"/>
  <system-out/>
  <testcase classname="testNG.TestNG_Skip_Ignore_Disabled" name="youtube">
    <skipped/>
  </testcase> <!-- youtube -->
  <system-out/>
  <testcase classname="testNG.TestNG_Skip_Ignore_Disabled" name="twitter">
    <skipped/>
  </testcase> <!-- twitter -->
  <system-out/>
  <testcase classname="testNG.TestNG_Skip_Ignore_Disabled" name="selenium">
    <skipped/>
  </testcase> <!-- selenium -->
  <system-out/>
</testsuite> <!-- testNG.TestNG_Skip_Ignore_Disabled -->
