<?xml version="1.0" encoding="UTF-8"?>
<!-- Generated by org.testng.reporters.JUnitReportReporter -->
<testsuite hostname="DESKTOP-SSHCSEN" failures="0" tests="2" name="testNG.TestNG_Different_pacakges" time="9.155" errors="0" timestamp="2024-06-22T14:58:36 IST" skipped="0">
  <testcase classname="testNG.TestNG_Different_pacakges" name="zomato" time="3.912"/>
  <system-out/>
  <testcase classname="testNG.TestNG_Different_pacakges" name="swiggy" time="5.243"/>
  <system-out/>
</testsuite> <!-- testNG.TestNG_Different_pacakges -->
