<?xml version="1.0" encoding="UTF-8"?>
<!-- Generated by org.testng.reporters.JUnitReportReporter -->
<testsuite hostname="DESKTOP-SSHCSEN" failures="0" tests="12" name="fitpeo.DemoTest" time="5.856" errors="0" timestamp="2024-08-06T13:23:43 IST" skipped="0">
  <testcase classname="fitpeo.DemoTest" name="rightClick" time="0.267"/>
  <system-out/>
  <testcase classname="fitpeo.DemoTest" name="dragsByOffset" time="0.558"/>
  <system-out/>
  <testcase classname="fitpeo.DemoTest" name="clickAndHold" time="0.327"/>
  <system-out/>
  <testcase classname="fitpeo.DemoTest" name="clickAndRelease" time="0.281"/>
  <system-out/>
  <testcase classname="fitpeo.DemoTest" name="moveByOffsetFromElement" time="0.397"/>
  <system-out/>
  <testcase classname="fitpeo.DemoTest" name="dragsToElement" time="0.340"/>
  <system-out/>
  <testcase classname="fitpeo.DemoTest" name="doubleClick" time="0.273"/>
  <system-out/>
  <testcase classname="fitpeo.DemoTest" name="forwardClick" time="0.282"/>
  <system-out/>
  <testcase classname="fitpeo.DemoTest" name="moveByOffsetFromViewport" time="0.199"/>
  <system-out/>
  <testcase classname="fitpeo.DemoTest" name="hovers" time="0.282"/>
  <system-out/>
  <testcase classname="fitpeo.DemoTest" name="backClick" time="2.322"/>
  <system-out/>
  <testcase classname="fitpeo.DemoTest" name="moveByOffsetFromCurrentPointer" time="0.328"/>
  <system-out/>
</testsuite> <!-- fitpeo.DemoTest -->
