<?xml version="1.0" encoding="UTF-8"?>
<!-- Generated by org.testng.reporters.JUnitReportReporter -->
<testsuite hostname="DESKTOP-SSHCSEN" failures="0" tests="2" name="testNG.TestNG_DependOnMethods" time="154.201" errors="0" timestamp="2024-06-20T22:22:34 IST" skipped="0">
  <testcase classname="testNG.TestNG_DependOnMethods" name="method1" time="32.621"/>
  <system-out/>
  <testcase classname="testNG.TestNG_DependOnMethods" name="method2" time="121.580"/>
  <system-out/>
</testsuite> <!-- testNG.TestNG_DependOnMethods -->
