<?xml version="1.0" encoding="UTF-8"?>
<!-- Generated by org.testng.reporters.JUnitReportReporter -->
<testsuite hostname="DESKTOP-SSHCSEN" failures="0" tests="2" name="screenshot.TimeFormatscreenshot" time="13.037" errors="0" timestamp="2024-07-10T13:06:36 IST" skipped="1">
  <testcase classname="screenshot.TimeFormatscreenshot" name="googlesearch" time="13.037"/>
  <system-out/>
  <testcase classname="screenshot.TimeFormatscreenshot" name="facebook">
    <skipped/>
  </testcase> <!-- facebook -->
  <system-out/>
</testsuite> <!-- screenshot.TimeFormatscreenshot -->
