<?xml version="1.0" encoding="UTF-8"?>
<!-- Generated by org.testng.reporters.JUnitReportReporter -->
<testsuite hostname="DESKTOP-SSHCSEN" failures="0" tests="1" name="versions.VersionOfTools" time="2.597" errors="0" timestamp="2024-08-02T11:54:50 IST" skipped="0">
  <testcase classname="versions.VersionOfTools" name="selenium" time="2.597"/>
  <system-out/>
</testsuite> <!-- versions.VersionOfTools -->
