<?xml version="1.0" encoding="UTF-8"?>
<!-- Generated by org.testng.reporters.JUnitReportReporter -->
<testsuite hostname="DESKTOP-SSHCSEN" failures="0" tests="2" name="testNG.WebTitleUrlText" time="3.539" errors="0" timestamp="2024-06-26T08:21:11 IST" skipped="0">
  <testcase classname="testNG.WebTitleUrlText" name="webUrl" time="0.813"/>
  <system-out/>
  <testcase classname="testNG.WebTitleUrlText" name="webTitle" time="2.726"/>
  <system-out/>
</testsuite> <!-- testNG.WebTitleUrlText -->
