<?xml version="1.0" encoding="UTF-8"?>
<!-- Generated by org.testng.reporters.JUnitReportReporter -->
<testsuite hostname="DESKTOP-SSHCSEN" failures="0" tests="1" name="log4jDemo.Log4jTutorial" time="3.991" errors="0" timestamp="2024-06-27T20:16:53 IST" skipped="0">
  <testcase classname="log4jDemo.Log4jTutorial" name="search" time="3.991"/>
  <system-out/>
</testsuite> <!-- log4jDemo.Log4jTutorial -->
