<?xml version="1.0" encoding="UTF-8"?>
<!-- Generated by org.testng.reporters.JUnitReportReporter -->
<testsuite hostname="DESKTOP-SSHCSEN" failures="0" tests="6" name="testNG.TestNG_Execution_Priority_Order" time="37.582" errors="0" timestamp="2024-06-19T21:52:26 IST" skipped="0">
  <testcase classname="testNG.TestNG_Execution_Priority_Order" name="instagram" time="8.290"/>
  <system-out/>
  <testcase classname="testNG.TestNG_Execution_Priority_Order" name="youtube" time="14.071"/>
  <system-out/>
  <testcase classname="testNG.TestNG_Execution_Priority_Order" name="selenium" time="1.823"/>
  <system-out/>
  <testcase classname="testNG.TestNG_Execution_Priority_Order" name="google" time="2.959"/>
  <system-out/>
  <testcase classname="testNG.TestNG_Execution_Priority_Order" name="facebook" time="2.198"/>
  <system-out/>
  <testcase classname="testNG.TestNG_Execution_Priority_Order" name="twitter" time="8.241"/>
  <system-out/>
</testsuite> <!-- testNG.TestNG_Execution_Priority_Order -->
