<?xml version="1.0" encoding="UTF-8"?>
<!-- Generated by org.testng.reporters.JUnitReportReporter -->
<testsuite hostname="DESKTOP-SSHCSEN" failures="0" tests="6" name="testNG.TestNG_Alpgabatical_Order" time="23.892" errors="0" timestamp="2024-06-19T21:27:52 IST" skipped="0">
  <testcase classname="testNG.TestNG_Alpgabatical_Order" name="google" time="2.482"/>
  <system-out/>
  <testcase classname="testNG.TestNG_Alpgabatical_Order" name="facebook" time="1.325"/>
  <system-out/>
  <testcase classname="testNG.TestNG_Alpgabatical_Order" name="instagram" time="3.959"/>
  <system-out/>
  <testcase classname="testNG.TestNG_Alpgabatical_Order" name="youtube" time="3.901"/>
  <system-out/>
  <testcase classname="testNG.TestNG_Alpgabatical_Order" name="twitter" time="9.987"/>
  <system-out/>
  <testcase classname="testNG.TestNG_Alpgabatical_Order" name="selenium" time="2.238"/>
  <system-out/>
</testsuite> <!-- testNG.TestNG_Alpgabatical_Order -->
