<?xml version="1.0" encoding="UTF-8"?>
<!-- Generated by org.testng.reporters.JUnitReportReporter -->
<testsuite hostname="DESKTOP-SSHCSEN" failures="0" tests="1" name="testNGMethods.ActionClass" time="6.741" errors="0" timestamp="2024-06-27T21:32:02 IST" skipped="0">
  <testcase classname="testNGMethods.ActionClass" name="keyboardFunction" time="6.741"/>
  <system-out/>
</testsuite> <!-- testNGMethods.ActionClass -->
