<?xml version="1.0" encoding="UTF-8"?>
<!-- Generated by org.testng.reporters.JUnitReportReporter -->
<testsuite hostname="DESKTOP-SSHCSEN" failures="0" tests="1" name="testNGMethods.WebTitleURLText" time="4.798" errors="0" timestamp="2024-06-27T08:05:19 IST" skipped="0">
  <testcase classname="testNGMethods.WebTitleURLText" name="verifyTagNamae" time="4.798"/>
  <system-out/>
</testsuite> <!-- testNGMethods.WebTitleURLText -->
