<?xml version="1.0" encoding="UTF-8"?>
<!-- Generated by org.testng.reporters.JUnitReportReporter -->
<testsuite hostname="DESKTOP-SSHCSEN" failures="0" tests="1" name="testNGMethods.IsDiabledISEnabledISSelected" time="14.254" errors="0" timestamp="2024-06-27T11:37:23 IST" skipped="0">
  <testcase classname="testNGMethods.IsDiabledISEnabledISSelected" name="isSelected" time="14.254"/>
  <system-out/>
</testsuite> <!-- testNGMethods.IsDiabledISEnabledISSelected -->
