<?xml version="1.0" encoding="UTF-8"?>
<!-- Generated by org.testng.reporters.JUnitReportReporter -->
<testsuite hostname="DESKTOP-SSHCSEN" failures="0" tests="2" name="dataProvider.DataProviders" time="11.308" errors="0" timestamp="2024-07-08T13:06:04 IST" skipped="0">
  <testcase classname="dataProvider.DataProviders" name="login" time="7.377"/>
  <system-out/>
  <testcase classname="dataProvider.DataProviders" name="login" time="3.931"/>
  <system-out/>
</testsuite> <!-- dataProvider.DataProviders -->
