<?xml version="1.0" encoding="UTF-8"?>
<!-- Generated by org.testng.reporters.JUnitReportReporter -->
<testsuite hostname="DESKTOP-SSHCSEN" failures="0" tests="1" name="testNGMethods.Iframe" time="69.835" errors="0" timestamp="2024-06-25T19:57:58 IST" skipped="0">
  <testcase classname="testNGMethods.Iframe" name="iframe" time="69.835"/>
  <system-out/>
</testsuite> <!-- testNGMethods.Iframe -->
