<?xml version="1.0" encoding="UTF-8"?>
<!-- Generated by org.testng.reporters.JUnitReportReporter -->
<testsuite hostname="DESKTOP-SSHCSEN" failures="0" tests="1" name="testNGMethods.PopupAlerts" time="9.988" errors="0" timestamp="2024-06-25T10:16:16 IST" skipped="0">
  <testcase classname="testNGMethods.PopupAlerts" name="alerttext" time="9.988"/>
  <system-out/>
</testsuite> <!-- testNGMethods.PopupAlerts -->
